[    0.000000] Linux version 4.15.0-74-generic (buildd@lcy01-amd64-022) (gcc version 7.4.0 (Ubuntu 7.4.0-1ubuntu1~18.04.1)) #84-Ubuntu SMP Thu Dec 19 08:06:28 UTC 2019 (Ubuntu 4.15.0-74.84-generic 4.15.18)
[    0.000000] Command line: BOOT_IMAGE=/boot/vmlinuz-4.15.0-74-generic root=LABEL=cloudimg-rootfs ro console=tty1 console=ttyS0
[    0.000000] KERNEL supported cpus:
[    0.000000]   Intel GenuineIntel
[    0.000000]   AMD AuthenticAMD
[    0.000000]   Centaur CentaurHauls
[    0.000000] x86/fpu: Supporting XSAVE feature 0x001: 'x87 floating point registers'
[    0.000000] x86/fpu: Supporting XSAVE feature 0x002: 'SSE registers'
[    0.000000] x86/fpu: Supporting XSAVE feature 0x004: 'AVX registers'
[    0.000000] x86/fpu: xstate_offset[2]:  576, xstate_sizes[2]:  256
[    0.000000] x86/fpu: Enabled xstate features 0x7, context size is 832 bytes, using 'standard' format.
[    0.000000] e820: BIOS-provided physical RAM map:
[    0.000000] BIOS-e820: [mem 0x0000000000000000-0x000000000009fbff] usable
[    0.000000] BIOS-e820: [mem 0x000000000009fc00-0x000000000009ffff] reserved
[    0.000000] BIOS-e820: [mem 0x00000000000f0000-0x00000000000fffff] reserved
[    0.000000] BIOS-e820: [mem 0x0000000000100000-0x000000007ffeffff] usable
[    0.000000] BIOS-e820: [mem 0x000000007fff0000-0x000000007fffffff] ACPI data
[    0.000000] BIOS-e820: [mem 0x00000000fec00000-0x00000000fec00fff] reserved
[    0.000000] BIOS-e820: [mem 0x00000000fee00000-0x00000000fee00fff] reserved
[    0.000000] BIOS-e820: [mem 0x00000000fffc0000-0x00000000ffffffff] reserved
[    0.000000] NX (Execute Disable) protection: active
[    0.000000] SMBIOS 2.5 present.
[    0.000000] DMI: innotek GmbH VirtualBox/VirtualBox, BIOS VirtualBox 12/01/2006
[    0.000000] Hypervisor detected: KVM
[    0.000000] e820: last_pfn = 0x7fff0 max_arch_pfn = 0x400000000
[    0.000000] MTRR: Disabled
[    0.000000] x86/PAT: MTRRs disabled, skipping PAT initialization too.
[    0.000000] CPU MTRRs all blank - virtualized system.
[    0.000000] x86/PAT: Configuration [0-7]: WB  WT  UC- UC  WB  WT  UC- UC  
[    0.000000] found SMP MP-table at [mem 0x0009fff0-0x0009ffff]
[    0.000000] Scanning 1 areas for low memory corruption
[    0.000000] RAMDISK: [mem 0x35a6f000-0x36d2efff]
[    0.000000] ACPI: Early table checksum verification disabled
[    0.000000] ACPI: RSDP 0x00000000000E0000 000024 (v02 VBOX  )
[    0.000000] ACPI: XSDT 0x000000007FFF0030 00003C (v01 VBOX   VBOXXSDT 00000001 ASL  00000061)
[    0.000000] ACPI: FACP 0x000000007FFF00F0 0000F4 (v04 VBOX   VBOXFACP 00000001 ASL  00000061)
[    0.000000] ACPI: DSDT 0x000000007FFF0470 0022EA (v02 VBOX   VBOXBIOS 00000002 INTL 20100528)
[    0.000000] ACPI: FACS 0x000000007FFF0200 000040
[    0.000000] ACPI: FACS 0x000000007FFF0200 000040
[    0.000000] ACPI: APIC 0x000000007FFF0240 00005C (v02 VBOX   VBOXAPIC 00000001 ASL  00000061)
[    0.000000] ACPI: SSDT 0x000000007FFF02A0 0001CC (v01 VBOX   VBOXCPUT 00000002 INTL 20100528)
[    0.000000] No NUMA configuration found
[    0.000000] Faking a node at [mem 0x0000000000000000-0x000000007ffeffff]
[    0.000000] NODE_DATA(0) allocated [mem 0x7ffc5000-0x7ffeffff]
[    0.000000] kvm-clock: cpu 0, msr 0:7ff44001, primary cpu clock
[    0.000000] kvm-clock: Using msrs 4b564d01 and 4b564d00
[    0.000000] kvm-clock: using sched offset of 4043453164 cycles
[    0.000000] clocksource: kvm-clock: mask: 0xffffffffffffffff max_cycles: 0x1cd42e4dffb, max_idle_ns: 881590591483 ns
[    0.000000] Zone ranges:
[    0.000000]   DMA      [mem 0x0000000000001000-0x0000000000ffffff]
[    0.000000]   DMA32    [mem 0x0000000001000000-0x000000007ffeffff]
[    0.000000]   Normal   empty
[    0.000000]   Device   empty
[    0.000000] Movable zone start for each node
[    0.000000] Early memory node ranges
[    0.000000]   node   0: [mem 0x0000000000001000-0x000000000009efff]
[    0.000000]   node   0: [mem 0x0000000000100000-0x000000007ffeffff]
[    0.000000] Reserved but unavailable: 98 pages
[    0.000000] Initmem setup node 0 [mem 0x0000000000001000-0x000000007ffeffff]
[    0.000000] ACPI: PM-Timer IO Port: 0x4008
[    0.000000] IOAPIC[0]: apic_id 2, version 32, address 0xfec00000, GSI 0-23
[    0.000000] ACPI: INT_SRC_OVR (bus 0 bus_irq 0 global_irq 2 dfl dfl)
[    0.000000] ACPI: INT_SRC_OVR (bus 0 bus_irq 9 global_irq 9 low level)
[    0.000000] Using ACPI (MADT) for SMP configuration information
[    0.000000] smpboot: Allowing 2 CPUs, 0 hotplug CPUs
[    0.000000] PM: Registered nosave memory: [mem 0x00000000-0x00000fff]
[    0.000000] PM: Registered nosave memory: [mem 0x0009f000-0x0009ffff]
[    0.000000] PM: Registered nosave memory: [mem 0x000a0000-0x000effff]
[    0.000000] PM: Registered nosave memory: [mem 0x000f0000-0x000fffff]
[    0.000000] e820: [mem 0x80000000-0xfebfffff] available for PCI devices
[    0.000000] Booting paravirtualized kernel on KVM
[    0.000000] clocksource: refined-jiffies: mask: 0xffffffff max_cycles: 0xffffffff, max_idle_ns: 7645519600211568 ns
[    0.000000] random: get_random_bytes called from start_kernel+0x99/0x4fd with crng_init=0
[    0.000000] setup_percpu: NR_CPUS:8192 nr_cpumask_bits:2 nr_cpu_ids:2 nr_node_ids:1
[    0.000000] percpu: Embedded 45 pages/cpu s147456 r8192 d28672 u1048576
[    0.000000] PV qspinlock hash table entries: 256 (order: 0, 4096 bytes)
[    0.000000] Built 1 zonelists, mobility grouping on.  Total pages: 515961
[    0.000000] Policy zone: DMA32
[    0.000000] Kernel command line: BOOT_IMAGE=/boot/vmlinuz-4.15.0-74-generic root=LABEL=cloudimg-rootfs ro console=tty1 console=ttyS0
[    0.000000] Memory: 2015272K/2096696K available (12300K kernel code, 2481K rwdata, 4260K rodata, 2428K init, 2704K bss, 81424K reserved, 0K cma-reserved)
[    0.000000] SLUB: HWalign=64, Order=0-3, MinObjects=0, CPUs=2, Nodes=1
[    0.000000] Kernel/User page tables isolation: enabled
[    0.000000] ftrace: allocating 39322 entries in 154 pages
[    0.004000] Hierarchical RCU implementation.
[    0.004000] 	RCU restricting CPUs from NR_CPUS=8192 to nr_cpu_ids=2.
[    0.004000] 	Tasks RCU enabled.
[    0.004000] RCU: Adjusting geometry for rcu_fanout_leaf=16, nr_cpu_ids=2
[    0.004000] NR_IRQS: 524544, nr_irqs: 440, preallocated irqs: 16
[    0.004000] Console: colour VGA+ 80x25
[    0.004000] console [tty1] enabled
[    0.004000] console [ttyS0] enabled
[    0.004000] ACPI: Core revision 20170831
[    0.004000] ACPI: 2 ACPI AML tables successfully acquired and loaded
[    0.004000] APIC: Switch to symmetric I/O mode setup
[    0.004000] x2apic enabled
[    0.004000] Switched APIC routing to physical x2apic.
[    0.004000] ..TIMER: vector=0x30 apic1=0 pin1=2 apic2=-1 pin2=-1
[    0.004026] tsc: Detected 1992.001 MHz processor
[    0.008036] Calibrating delay loop (skipped) preset value.. 3984.00 BogoMIPS (lpj=7968004)
[    0.009988] pid_max: default: 32768 minimum: 301
[    0.011070] Security Framework initialized
[    0.012004] Yama: becoming mindful.
[    0.012802] AppArmor: AppArmor initialized
[    0.016147] Dentry cache hash table entries: 262144 (order: 9, 2097152 bytes)
[    0.020314] Inode-cache hash table entries: 131072 (order: 8, 1048576 bytes)
[    0.022813] Mount-cache hash table entries: 4096 (order: 3, 32768 bytes)
[    0.024040] Mountpoint-cache hash table entries: 4096 (order: 3, 32768 bytes)
[    0.025796] Last level iTLB entries: 4KB 64, 2MB 8, 4MB 8
[    0.026909] Last level dTLB entries: 4KB 64, 2MB 0, 4MB 0, 1GB 4
[    0.028003] Spectre V1 : Mitigation: usercopy/swapgs barriers and __user pointer sanitization
[    0.029769] Spectre V2 : Mitigation: Full generic retpoline
[    0.030917] Spectre V2 : Spectre v2 / SpectreRSB mitigation: Filling RSB on context switch
[    0.032002] Speculative Store Bypass: Vulnerable
[    0.033096] MDS: Mitigation: Clear CPU buffers
[    0.036591] Freeing SMP alternatives memory: 36K
[    0.149369] smpboot: CPU0: Intel(R) Core(TM) i7-8550U CPU @ 1.80GHz (family: 0x6, model: 0x8e, stepping: 0xa)
[    0.152000] Performance Events: unsupported p6 CPU model 142 no PMU driver, software events only.
[    0.152058] Hierarchical SRCU implementation.
[    0.154195] NMI watchdog: Perf event create on CPU 0 failed with -2
[    0.156005] NMI watchdog: Perf NMI watchdog permanently disabled
[    0.157735] smp: Bringing up secondary CPUs ...
[    0.160137] x86: Booting SMP configuration:
[    0.161028] .... node  #0, CPUs:      #1
[    0.004000] kvm-clock: cpu 1, msr 0:7ff44041, secondary cpu clock
[    0.164050] smp: Brought up 1 node, 2 CPUs
[    0.165535] smpboot: Max logical packages: 1
[    0.168015] smpboot: Total of 2 processors activated (7968.00 BogoMIPS)
[    0.169859] devtmpfs: initialized
[    0.172027] x86/mm: Memory block size: 128MB
[    0.173298] evm: security.selinux
[    0.174196] evm: security.SMACK64
[    0.175028] evm: security.SMACK64EXEC
[    0.175924] evm: security.SMACK64TRANSMUTE
[    0.176003] evm: security.SMACK64MMAP
[    0.176857] evm: security.apparmor
[    0.177738] evm: security.ima
[    0.178565] evm: security.capability
[    0.180138] clocksource: jiffies: mask: 0xffffffff max_cycles: 0xffffffff, max_idle_ns: 7645041785100000 ns
[    0.184193] futex hash table entries: 512 (order: 3, 32768 bytes)
[    0.186840] pinctrl core: initialized pinctrl subsystem
[    0.188179] RTC time: 14:52:40, date: 01/23/20
[    0.189492] NET: Registered protocol family 16
[    0.190651] audit: initializing netlink subsys (disabled)
[    0.192042] audit: type=2000 audit(1579791166.094:1): state=initialized audit_enabled=0 res=1
[    0.192133] cpuidle: using governor ladder
[    0.193027] cpuidle: using governor menu
[    0.196043] ACPI: bus type PCI registered
[    0.197106] acpiphp: ACPI Hot Plug PCI Controller Driver version: 0.5
[    0.200141] PCI: Using configuration type 1 for base access
[    0.206978] HugeTLB registered 2.00 MiB page size, pre-allocated 0 pages
[    0.208095] ACPI: Added _OSI(Module Device)
[    0.212008] ACPI: Added _OSI(Processor Device)
[    0.213082] ACPI: Added _OSI(3.0 _SCP Extensions)
[    0.214223] ACPI: Added _OSI(Processor Aggregator Device)
[    0.215498] ACPI: Added _OSI(Linux-Dell-Video)
[    0.216169] ACPI: Added _OSI(Linux-Lenovo-NV-HDMI-Audio)
[    0.218669] ACPI: Added _OSI(Linux-HPI-Hybrid-Graphics)
[    0.220387] ACPI: Executed 1 blocks of module-level executable AML code
[    0.227172] ACPI: Interpreter enabled
[    0.228015] ACPI: (supports S0 S5)
[    0.228936] ACPI: Using IOAPIC for interrupt routing
[    0.230396] PCI: Using host bridge windows from ACPI; if necessary, use "pci=nocrs" and report a bug
[    0.232875] ACPI: Enabled 2 GPEs in block 00 to 07
[    0.244941] ACPI: PCI Root Bridge [PCI0] (domain 0000 [bus 00-ff])
[    0.246443] acpi PNP0A03:00: _OSC: OS supports [ASPM ClockPM Segments MSI]
[    0.248519] acpi PNP0A03:00: _OSC: not requesting OS control; OS requires [ExtendedConfig ASPM ClockPM MSI]
[    0.252030] acpi PNP0A03:00: fail to add MMCONFIG information, can't access extended PCI configuration space under this bridge.
[    0.256390] PCI host bridge to bus 0000:00
[    0.257285] pci_bus 0000:00: root bus resource [io  0x0000-0x0cf7 window]
[    0.259235] pci_bus 0000:00: root bus resource [io  0x0d00-0xffff window]
[    0.260005] pci_bus 0000:00: root bus resource [mem 0x000a0000-0x000bffff window]
[    0.261818] pci_bus 0000:00: root bus resource [mem 0x80000000-0xfdffffff window]
[    0.264003] pci_bus 0000:00: root bus resource [bus 00-ff]
[    0.269713] pci 0000:00:01.1: legacy IDE quirk: reg 0x10: [io  0x01f0-0x01f7]
[    0.271458] pci 0000:00:01.1: legacy IDE quirk: reg 0x14: [io  0x03f6]
[    0.272003] pci 0000:00:01.1: legacy IDE quirk: reg 0x18: [io  0x0170-0x0177]
[    0.273680] pci 0000:00:01.1: legacy IDE quirk: reg 0x1c: [io  0x0376]
[    0.315055] pci 0000:00:07.0: quirk: [io  0x4000-0x403f] claimed by PIIX4 ACPI
[    0.316232] pci 0000:00:07.0: quirk: [io  0x4100-0x410f] claimed by PIIX4 SMB
[    0.362228] ACPI: PCI Interrupt Link [LNKA] (IRQs 5 9 10 *11)
[    0.364000] ACPI: PCI Interrupt Link [LNKB] (IRQs 5 9 *10 11)
[    0.364172] ACPI: PCI Interrupt Link [LNKC] (IRQs 5 *9 10 11)
[    0.368667] ACPI: PCI Interrupt Link [LNKD] (IRQs 5 9 10 *11)
[    0.372302] SCSI subsystem initialized
[    0.373572] pci 0000:00:02.0: vgaarb: setting as boot VGA device
[    0.374010] pci 0000:00:02.0: vgaarb: VGA device added: decodes=io+mem,owns=io+mem,locks=none
[    0.376007] pci 0000:00:02.0: vgaarb: bridge control possible
[    0.377645] vgaarb: loaded
[    0.380049] ACPI: bus type USB registered
[    0.381356] usbcore: registered new interface driver usbfs
[    0.383496] usbcore: registered new interface driver hub
[    0.384332] usbcore: registered new device driver usb
[    0.388127] EDAC MC: Ver: 3.0.0
[    0.389301] PCI: Using ACPI for IRQ routing
[    0.392370] NetLabel: Initializing
[    0.393386] NetLabel:  domain hash size = 128
[    0.395088] NetLabel:  protocols = UNLABELED CIPSOv4 CALIPSO
[    0.396024] NetLabel:  unlabeled traffic allowed by default
[    0.397398] clocksource: Switched to clocksource kvm-clock
[    0.425376] VFS: Disk quotas dquot_6.6.0
[    0.426681] VFS: Dquot-cache hash table entries: 512 (order 0, 4096 bytes)
[    0.428745] AppArmor: AppArmor Filesystem Enabled
[    0.430347] pnp: PnP ACPI init
[    0.434922] pnp: PnP ACPI: found 3 devices
[    0.447838] clocksource: acpi_pm: mask: 0xffffff max_cycles: 0xffffff, max_idle_ns: 2085701024 ns
[    0.451488] NET: Registered protocol family 2
[    0.452996] TCP established hash table entries: 16384 (order: 5, 131072 bytes)
[    0.455030] TCP bind hash table entries: 16384 (order: 6, 262144 bytes)
[    0.457187] TCP: Hash tables configured (established 16384 bind 16384)
[    0.461133] UDP hash table entries: 1024 (order: 3, 32768 bytes)
[    0.464790] UDP-Lite hash table entries: 1024 (order: 3, 32768 bytes)
[    0.467223] NET: Registered protocol family 1
[    0.468342] pci 0000:00:00.0: Limiting direct PCI/PCI transfers
[    0.470055] pci 0000:00:01.0: Activating ISA DMA hang workarounds
[    0.471979] pci 0000:00:02.0: Video device with shadowed ROM at [mem 0x000c0000-0x000dffff]
[    0.474382] Unpacking initramfs...
[    0.875513] Freeing initrd memory: 19200K
[    0.876732] clocksource: tsc: mask: 0xffffffffffffffff max_cycles: 0x396d54029a7, max_idle_ns: 881590429682 ns
[    0.878820] platform rtc_cmos: registered platform RTC device (no PNP device found)
[    0.881157] Scanning for low memory corruption every 60 seconds
[    0.884547] Initialise system trusted keyrings
[    0.885751] Key type blacklist registered
[    0.886888] workingset: timestamp_bits=36 max_order=19 bucket_order=0
[    0.889411] zbud: loaded
[    0.890800] squashfs: version 4.0 (2009/01/31) Phillip Lougher
[    0.892681] fuse init (API version 7.26)
[    0.900811] Key type asymmetric registered
[    0.901768] Asymmetric key parser 'x509' registered
[    0.902822] Block layer SCSI generic (bsg) driver version 0.4 loaded (major 246)
[    0.904502] io scheduler noop registered
[    0.905360] io scheduler deadline registered
[    0.906275] io scheduler cfq registered (default)
[    0.907578] ACPI: AC Adapter [AC] (on-line)
[    0.908569] input: Power Button as /devices/LNXSYSTM:00/LNXPWRBN:00/input/input0
[    0.910189] ACPI: Power Button [PWRF]
[    0.911059] input: Sleep Button as /devices/LNXSYSTM:00/LNXSLPBN:00/input/input1
[    0.912746] ACPI: Sleep Button [SLPF]
[    0.916473] Serial: 8250/16550 driver, 32 ports, IRQ sharing enabled
[    0.917488] ACPI: Battery Slot [BAT0] (battery present)
[    0.940261] 00:02: ttyS0 at I/O 0x3f8 (irq = 4, base_baud = 115200) is a 16550A
[    0.944408] Linux agpgart interface v0.103
[    0.950969] loop: module loaded
[    0.952614] scsi host0: ata_piix
[    0.953805] scsi host1: ata_piix
[    0.954680] ata1: PATA max UDMA/33 cmd 0x1f0 ctl 0x3f6 bmdma 0xd000 irq 14
[    0.956331] ata2: PATA max UDMA/33 cmd 0x170 ctl 0x376 bmdma 0xd008 irq 15
[    0.957873] libphy: Fixed MDIO Bus: probed
[    0.958785] tun: Universal TUN/TAP device driver, 1.6
[    0.959815] PPP generic driver version 2.4.2
[    0.960878] ehci_hcd: USB 2.0 'Enhanced' Host Controller (EHCI) Driver
[    0.962208] ehci-pci: EHCI PCI platform driver
[    0.963402] ehci-platform: EHCI generic platform driver
[    0.965931] ohci_hcd: USB 1.1 'Open' Host Controller (OHCI) Driver
[    0.967322] ohci-pci: OHCI PCI platform driver
[    0.968447] ohci-platform: OHCI generic platform driver
[    0.969659] uhci_hcd: USB Universal Host Controller Interface driver
[    0.970967] i8042: PNP: PS/2 Controller [PNP0303:PS2K,PNP0f03:PS2M] at 0x60,0x64 irq 1,12
[    0.973214] serio: i8042 KBD port at 0x60,0x64 irq 1
[    0.974470] serio: i8042 AUX port at 0x60,0x64 irq 12
[    0.975754] mousedev: PS/2 mouse device common for all mice
[    0.977534] input: AT Translated Set 2 keyboard as /devices/platform/i8042/serio0/input/input2
[    0.979955] rtc_cmos rtc_cmos: rtc core: registered rtc_cmos as rtc0
[    0.983185] rtc_cmos rtc_cmos: alarms up to one day, 114 bytes nvram
[    0.985302] i2c /dev entries driver
[    0.986512] device-mapper: uevent: version 1.0.3
[    0.987598] device-mapper: ioctl: 4.37.0-ioctl (2017-09-20) initialised: dm-devel@redhat.com
[    0.989675] ledtrig-cpu: registered to indicate activity on CPUs
[    0.991865] NET: Registered protocol family 10
[    1.000012] Segment Routing with IPv6
[    1.001614] NET: Registered protocol family 17
[    1.002930] Key type dns_resolver registered
[    1.004406] mce: Using 0 MCE banks
[    1.005302] RAS: Correctable Errors collector initialized.
[    1.006622] sched_clock: Marking stable (1004333906, 0)->(1333495061, -329161155)
[    1.008784] registered taskstats version 1
[    1.009798] Loading compiled-in X.509 certificates
[    1.014137] Loaded X.509 cert 'Build time autogenerated kernel key: 62d24f9c726e026b112735485dad6e6e4b50c923'
[    1.018488] zswap: loaded using pool lzo/zbud
[    1.023879] Key type big_key registered
[    1.024888] Key type trusted registered
[    1.027966] Key type encrypted registered
[    1.028927] AppArmor: AppArmor sha1 policy hashing enabled
[    1.031137] ima: No TPM chip found, activating TPM-bypass! (rc=-19)
[    1.033765] ima: Allocated hash algorithm: sha1
[    1.034835] evm: HMAC attrs: 0x1
[    1.036109]   Magic number: 4:521:890
[    1.037228] rtc_cmos rtc_cmos: setting system clock to 2020-01-23 14:52:41 UTC (1579791161)
[    1.039371] BIOS EDD facility v0.16 2004-Jun-25, 0 devices found
[    1.040868] EDD information not available.
[    1.121039] Freeing unused kernel image memory: 2428K
[    1.132030] Write protecting the kernel read-only data: 20480k
[    1.134769] Freeing unused kernel image memory: 2008K
[    1.136052] Freeing unused kernel image memory: 1884K
[    1.145307] x86/mm: Checked W+X mappings: passed, no W+X pages found.
[    1.146962] x86/mm: Checking user space page tables
[    1.156687] x86/mm: Checked W+X mappings: passed, no W+X pages found.
Loading, please wait...
starting version 237
[    1.269851] Fusion MPT base driver 3.04.20
[    1.270917] Copyright (c) 1999-2008 LSI Corporation
[    1.276925] e1000: Intel(R) PRO/1000 Network Driver - version 7.3.21-k8-NAPI
[    1.278557] e1000: Copyright (c) 1999-2006 Intel Corporation.
[    1.297311] AVX2 version of gcm_enc/dec engaged.
[    1.299226] AES CTR mode by8 optimization enabled
[    1.307014] Fusion MPT SPI Host driver 3.04.20
[    1.491958] input: ImExPS/2 Generic Explorer Mouse as /devices/platform/i8042/serio1/input/input4
[    1.732005] e1000 0000:00:03.0 eth0: (PCI:33MHz:32-bit) 02:3e:3e:1e:2f:8f
[    1.735350] e1000 0000:00:03.0 eth0: Intel(R) PRO/1000 Network Connection
[    1.738113] mptbase: ioc0: Initiating bringup
[    1.896571] ioc0: LSI53C1030 A0: Capabilities={Initiator}
[    2.971479] scsi host2: ioc0: LSI53C1030 A0, FwRev=00000000h, Ports=1, MaxQ=256, IRQ=20
[    3.753572] scsi 2:0:0:0: Direct-Access     VBOX     HARDDISK         1.0  PQ: 0 ANSI: 5
[    3.784112] scsi target2:0:0: Beginning Domain Validation
[    3.789122] scsi target2:0:0: Domain Validation skipping write tests
[    3.790438] scsi target2:0:0: Ending Domain Validation
[    3.791593] scsi target2:0:0: asynchronous
[    3.793512] scsi 2:0:1:0: Direct-Access     VBOX     HARDDISK         1.0  PQ: 0 ANSI: 5
[    4.008110] scsi target2:0:1: Beginning Domain Validation
[    4.011273] random: fast init done
[    4.014867] scsi target2:0:1: Domain Validation skipping write tests
[    4.017436] scsi target2:0:1: Ending Domain Validation
[    4.018892] scsi target2:0:1: asynchronous
[    4.024259] random: systemd-udevd: uninitialized urandom read (16 bytes read)
[    4.025667] random: systemd-udevd: uninitialized urandom read (16 bytes read)
[    4.027069] random: systemd-udevd: uninitialized urandom read (16 bytes read)
[    4.029599] sd 2:0:0:0: Attached scsi generic sg0 type 0
[    4.033964] sd 2:0:1:0: Attached scsi generic sg1 type 0
[    4.036432] sd 2:0:1:0: [sdb] 20480 512-byte logical blocks: (10.5 MB/10.0 MiB)
[    4.038396] sd 2:0:1:0: [sdb] Write Protect is off
[    4.039656] sd 2:0:1:0: [sdb] Incomplete mode parameter data
[    4.040920] sd 2:0:1:0: [sdb] Assuming drive cache: write through
[    4.043393] sd 2:0:0:0: [sda] 20971520 512-byte logical blocks: (10.7 GB/10.0 GiB)
[    4.045204] sd 2:0:0:0: [sda] Write Protect is off
[    4.047987] sd 2:0:0:0: [sda] Incomplete mode parameter data
[    4.049543] sd 2:0:0:0: [sda] Assuming drive cache: write through
[    4.053239] sd 2:0:1:0: [sdb] Attached SCSI disk
[    4.054724]  sda: sda1
[    4.056564] sd 2:0:0:0: [sda] Attached SCSI disk
[    4.187756] e1000 0000:00:08.0 eth1: (PCI:33MHz:32-bit) 08:00:27:a8:a3:18
[    4.189158] e1000 0000:00:08.0 eth1: Intel(R) PRO/1000 Network Connection
[    4.191385] e1000 0000:00:03.0 enp0s3: renamed from eth0
[    4.208788] e1000 0000:00:08.0 enp0s8: renamed from eth1
Begin: Loading essential drivers ... [    5.888315] raid6: sse2x1   gen() 11172 MB/s
[    5.936178] raid6: sse2x1   xor()  7831 MB/s
[    5.984040] raid6: sse2x2   gen() 12917 MB/s
[    6.032066] raid6: sse2x2   xor()  8762 MB/s
[    6.080055] raid6: sse2x4   gen() 14518 MB/s
[    6.128222] raid6: sse2x4   xor()  8488 MB/s
[    6.176395] raid6: avx2x1   gen() 20314 MB/s
[    6.224225] raid6: avx2x1   xor() 13412 MB/s
[    6.272064] raid6: avx2x2   gen() 22712 MB/s
[    6.320352] raid6: avx2x2   xor() 15024 MB/s
[    6.368173] raid6: avx2x4   gen() 25388 MB/s
[    6.416167] raid6: avx2x4   xor() 12431 MB/s
[    6.417157] raid6: using algorithm avx2x4 gen() 25388 MB/s
[    6.418395] raid6: .... xor() 12431 MB/s, rmw enabled
[    6.419496] raid6: using avx2x2 recovery algorithm
[    6.421868] xor: automatically using best checksumming function   avx       
[    6.424523] async_tx: api initialized (async)
done.
Begin: Running /scripts/init-premount ... done.
Begin: Mounting root file system ... Begin: Running /scripts/local-top ... done.
Begin: Running /scripts/local-premount ... [    6.482630] Btrfs loaded, crc32c=crc32c-intel
Scanning for Btrfs filesystems
done.
Warning: fsck not present, so skipping root file system
[    6.524841] EXT4-fs (sda1): mounted filesystem with ordered data mode. Opts: (null)
done.
Begin: Running /scripts/local-bottom ... done.
Begin: Running /scripts/init-bottom ... done.
[    6.723294] ip_tables: (C) 2000-2006 Netfilter Core Team
[    6.736336] systemd[1]: systemd 237 running in system mode. (+PAM +AUDIT +SELINUX +IMA +APPARMOR +SMACK +SYSVINIT +UTMP +LIBCRYPTSETUP +GCRYPT +GNUTLS +ACL +XZ +LZ4 +SECCOMP +BLKID +ELFUTILS +KMOD -IDN2 +IDN -PCRE2 default-hierarchy=hybrid)
[    6.740879] systemd[1]: Detected virtualization oracle.
[    6.742067] systemd[1]: Detected architecture x86-64.

Welcome to [1mUbuntu 18.04.3 LTS[0m!

[    6.751073] systemd[1]: Set hostname to <ubuntu>.
[    6.756476] systemd[1]: Initializing machine ID from random generator.
[    6.757859] systemd[1]: Installed transient /etc/machine-id file.
[    7.072216] systemd[1]: Reached target Swap.
[[0;32m  OK  [0m] Reached target Swap.
[    7.084238] systemd[1]: Reached target System Time Synchronized.
[[0;32m  OK  [0m] Reached target System Time Synchronized.
[    7.086149] systemd[1]: Reached target User and Group Name Lookups.
[[0;32m  OK  [0m] Reached target User and Group Name Lookups.
[    7.088350] systemd[1]: Set up automount Arbitrary Executable File Formats File System Automount Point.
[[0;32m  OK  [0m] Set up automount Arbitrary Executab…rmats File System Automount Point.
[[0;32m  OK  [0m] Created slice User and Session Slice.
[[0;32m  OK  [0m] Created slice System Slice.
[[0;32m  OK  [0m] Listening on Syslog Socket.
[[0;32m  OK  [0m] Listening on Network Service Netlink Socket.
[[0;32m  OK  [0m] Listening on Journal Audit Socket.
[[0;32m  OK  [0m] Reached target Slices.
[[0;32m  OK  [0m] Listening on Journal Socket (/dev/log).
[[0;32m  OK  [0m] Listening on udev Control Socket.
[[0;32m  OK  [0m] Listening on LVM2 metadata daemon socket.
[[0;32m  OK  [0m] Listening on /dev/initctl Compatibility Named Pipe.
[[0;32m  OK  [0m] Listening on udev Kernel Socket.
[[0;32m  OK  [0m] Listening on Journal Socket.
         Mounting POSIX Message Queue File System...
         Starting Create list of required st…ce nodes for the current kernel...
         Starting Set the console keyboard layout...
         Starting Uncomplicated firewall...
         Mounting Huge Pages File System...
         Starting udev Coldplug all Devices...
         Starting Remount Root and Kernel File Systems...
[[0;32m  OK  [0m] Listening on Device-mapper event daemon FIFOs.
         Starting Monitoring of LVM2 mirrors…ng dmeventd or progress polling...
[[0;32m  OK  [0m] Created slice system-serial\x2dgetty.slice.
[    7.315413] EXT4-fs (sda1): re-mounted. Opts: (null)
         Starting Journal Service...
[[0;32m  OK  [0m] Listening on LVM2 poll daemon socket.
[[0;32m  OK  [0m] Started Forward Password Requests to Wall Directory Watch.
         Starting Load Kernel Modules...
         Mounting Kernel Debug File System...
[    7.373803] Loading iSCSI transport class v2.0-870.
[[0;32m  OK  [0m] Mounted POSIX Message Queue File System.
[[0;32m  OK  [0m] Started Create list of required sta…vice nodes for the current kernel.
[    7.391379] iscsi: registered transport (tcp)
[[0;32m  OK  [0m] Started Uncomplicated firewall.
[[0;32m  OK  [0m] Started Journal Service.
[    7.416411] iscsi: registered transport (iser)
[[0;32m  OK  [0m] Mounted Huge Pages File System.
[[0;32m  OK  [0m] Started Remount Root and Kernel File Systems.
[[0;32m  OK  [0m] Started Load Kernel Modules.
[[0;32m  OK  [0m] Mounted Kernel Debug File System.
[[0;32m  OK  [0m] Started LVM2 metadata daemon.
         Mounting Kernel Configuration File System...
         Starting Apply Kernel Variables...
         Mounting FUSE Control File System...
         Starting Load/Save Random Seed...
         Starting Flush Journal to Persistent Storage...
         Starting Create Static Device Nodes in /dev...
[[0;32m  OK  [0m] Started Set the console keyboard layout.
[[0;32m  OK  [0m] Started udev Coldplug all Devices.
[[0;32m  OK  [0m] Started Monitoring of LVM2 mirrors,…sing dmeventd or progress polling.
[[0;32m  OK  [0m] Mounted Kernel Configuration File System.
[[0;32m  OK  [0m] Mounted FUSE Control File System.
[[0;32m  OK  [0m] Started Load/Save Random Seed.
[[0;32m  OK  [0m] Started Apply Kernel Variables.
[[0;32m  OK  [0m] Started Create Static Device Nodes in /dev.
[[0;32m  OK  [0m] Started Flush Journal to Persistent Storage.
         Starting udev Kernel Device Manager...
[[0;32m  OK  [0m] Reached target Local File Systems (Pre).
[[0;32m  OK  [0m] Reached target Local File Systems.
         Starting Create Volatile Files and Directories...
         Starting AppArmor initialization...
         Starting Set console font and keymap...
         Starting ebtables ruleset management...
         Starting Commit a transient machine-id on disk...
         Starting Tell Plymouth To Write Out Runtime Data...
[[0;32m  OK  [0m] Started udev Kernel Device Manager.
[[0;32m  OK  [0m] Started Create Volatile Files and Directories.
         Starting Update UTMP about System Boot/Shutdown...
[[0;32m  OK  [0m] Started Dispatch Password Requests to Console Directory Watch.
[[0;32m  OK  [0m] Reached target Local Encrypted Volumes.
[[0;32m  OK  [0m] Started Set console font and keymap.
[[0;32m  OK  [0m] Started Tell Plymouth To Write Out Runtime Data.
[[0;32m  OK  [0m] Started Update UTMP about System Boot/Shutdown.
[[0;32m  OK  [0m] Started Commit a transient machine-id on disk.
[[0;32m  OK  [0m] Started ebtables ruleset management.
[[0;32m  OK  [0m] Found device /dev/ttyS0.
[[0;32m  OK  [0m] Listening on Load/Save RF Kill Switch Status /dev/rfkill Watch.
[[0;32m  OK  [0m] Started AppArmor initialization.
         Starting Initial cloud-init job (pre-networking)...
[   11.497838] cloud-init[545]: Cloud-init v. 19.3-41-gc4735dd3-0ubuntu1~18.04.1 running 'init-local' at Thu, 23 Jan 2020 14:52:51 +0000. Up 10.85 seconds.
[[0;32m  OK  [0m] Started Initial cloud-init job (pre-networking).
[[0;32m  OK  [0m] Reached target Network (Pre).
         Starting Network Service...
[[0;32m  OK  [0m] Started Network Service.
         Starting Wait for Network to be Configured...
         Starting Network Name Resolution...
[[0;32m  OK  [0m] Started Network Name Resolution.
[[0;32m  OK  [0m] Reached target Network.
[[0;32m  OK  [0m] Reached target Host and Network Name Lookups.
[[0;32m  OK  [0m] Started Wait for Network to be Configured.
         Starting Initial cloud-init job (metadata service crawler)...
[   14.156848] cloud-init[663]: Cloud-init v. 19.3-41-gc4735dd3-0ubuntu1~18.04.1 running 'init' at Thu, 23 Jan 2020 14:52:54 +0000. Up 13.86 seconds.
[   14.162713] cloud-init[663]: ci-info: ++++++++++++++++++++++++++++++++++++++Net device info+++++++++++++++++++++++++++++++++++++++
[   14.169418] cloud-init[663]: ci-info: +--------+-------+----------------------------+---------------+--------+-------------------+
[   14.180865] cloud-init[663]: ci-info: | Device |   Up  |          Address           |      Mask     | Scope  |     Hw-Address    |
[   14.183088] cloud-init[663]: ci-info: +--------+-------+----------------------------+---------------+--------+-------------------+
[   14.184569] cloud-init[663]: ci-info: | enp0s3 |  True |         10.0.2.15          | 255.255.255.0 | global | 02:3e:3e:1e:2f:8f |
[   14.186580] cloud-init[663]: ci-info: | enp0s3 |  True | fe80::3e:3eff:fe1e:2f8f/64 |       .       |  link  | 02:3e:3e:1e:2f:8f |
[   14.187584] cloud-init[663]: ci-info: | enp0s8 | False |             .              |       .       |   .    | 08:00:27:a8:a3:18 |
[   14.188722] cloud-init[663]: ci-info: |   lo   |  True |         127.0.0.1          |   255.0.0.0   |  host  |         .         |
[   14.189943] cloud-init[663]: ci-info: |   lo   |  True |          ::1/128           |       .       |  host  |         .         |
[   14.191119] cloud-init[663]: ci-info: +--------+-------+----------------------------+---------------+--------+-------------------+
[   14.195152] cloud-init[663]: ci-info: ++++++++++++++++++++++++++++Route IPv4 info+++++++++++++++++++++++++++++
[   14.209397] cloud-init[663]: ci-info: +-------+-------------+----------+-----------------+-----------+-------+
[   14.212116] cloud-init[663]: ci-info: | Route | Destination | Gateway  |     Genmask     | Interface | Flags |
[   14.224529] cloud-init[663]: ci-info: +-------+-------------+----------+-----------------+-----------+-------+
[   14.227153] cloud-init[663]: ci-info: |   0   |   0.0.0.0   | 10.0.2.2 |     0.0.0.0     |   enp0s3  |   UG  |
[   14.228765] cloud-init[663]: ci-info: |   1   |   10.0.2.0  | 0.0.0.0  |  255.255.255.0  |   enp0s3  |   U   |
[   14.230590] cloud-init[663]: ci-info: |   2   |   10.0.2.2  | 0.0.0.0  | 255.255.255.255 |   enp0s3  |   UH  |
[   14.232284] cloud-init[663]: ci-info: +-------+-------------+----------+-----------------+-----------+-------+
[   14.234127] cloud-init[663]: ci-info: +++++++++++++++++++Route IPv6 info+++++++++++++++++++
[   14.235749] cloud-init[663]: ci-info: +-------+-------------+---------+-----------+-------+
[   14.237142] cloud-init[663]: ci-info: | Route | Destination | Gateway | Interface | Flags |
[   14.237994] cloud-init[663]: ci-info: +-------+-------------+---------+-----------+-------+
[   14.238582] cloud-init[663]: ci-info: |   1   |  fe80::/64  |    ::   |   enp0s3  |   U   |
[   14.239411] cloud-init[663]: ci-info: |   3   |    local    |    ::   |   enp0s3  |   U   |
[   14.240434] cloud-init[663]: ci-info: |   4   |   ff00::/8  |    ::   |   enp0s3  |   U   |
[   14.242551] cloud-init[663]: ci-info: +-------+-------------+---------+-----------+-------+
[   14.986517] cloud-init[663]: Generating public/private rsa key pair.
[   14.988385] cloud-init[663]: Your identification has been saved in /etc/ssh/ssh_host_rsa_key.
[   14.990672] cloud-init[663]: Your public key has been saved in /etc/ssh/ssh_host_rsa_key.pub.
[   15.004825] cloud-init[663]: The key fingerprint is:
[   15.005564] cloud-init[663]: SHA256:/2gQjvug8vCEHCKuQs72/WPIyn61XE5RsjlOqwE3rl0 root@ubuntu-bionic
[   15.007088] cloud-init[663]: The key's randomart image is:
[   15.010194] cloud-init[663]: +---[RSA 2048]----+
[   15.011891] cloud-init[663]: |                 |
[   15.013260] cloud-init[663]: |         . .     |
[   15.014841] cloud-init[663]: |          =      |
[   15.016384] cloud-init[663]: |     . o.*       |
[   15.017829] cloud-init[663]: |o .   +oS.+      |
[   15.019526] cloud-init[663]: |o+ o  .+oE       |
[   15.033144] cloud-init[663]: |+.+ o B.O..      |
[   15.044836] cloud-init[663]: |o+o+.*.O ..o     |
[   15.045978] cloud-init[663]: |+ oB*.ooo.. .    |
[   15.046714] cloud-init[663]: +----[SHA256]-----+
[   15.048038] cloud-init[663]: Generating public/private dsa key pair.
[   15.049799] cloud-init[663]: Your identification has been saved in /etc/ssh/ssh_host_dsa_key.
[   15.051873] cloud-init[663]: Your public key has been saved in /etc/ssh/ssh_host_dsa_key.pub.
[   15.053891] cloud-init[663]: The key fingerprint is:
[   15.055281] cloud-init[663]: SHA256:5S32QGrqgMM56zrtv4jVmoA8dRUELHodnoZZ8VCaxgA root@ubuntu-bionic
[   15.057613] cloud-init[663]: The key's randomart image is:
[   15.058527] cloud-init[663]: +---[DSA 1024]----+
[   15.059555] cloud-init[663]: | E...+=+         |
[   15.060563] cloud-init[663]: |   .o+= .        |
[   15.061538] cloud-init[663]: |  . B=oo  o      |
[   15.062518] cloud-init[663]: | . +.=.  = .     |
[   15.063552] cloud-init[663]: |  ....  S = .    |
[   15.064494] cloud-init[663]: |o..+.  o . +     |
[   15.065108] cloud-init[663]: |o+B o .     .    |
[   15.065540] cloud-init[663]: |.+oB o           |
[   15.066443] cloud-init[663]: |o=B.o..          |
[   15.067506] cloud-init[663]: +----[SHA256]-----+
[   15.068737] cloud-init[663]: Generating public/private ecdsa key pair.
[   15.070309] cloud-init[663]: Your identification has been saved in /etc/ssh/ssh_host_ecdsa_key.
[   15.072335] cloud-init[663]: Your public key has been saved in /etc/ssh/ssh_host_ecdsa_key.pub.
[   15.074740] cloud-init[663]: The key fingerprint is:
[   15.075827] cloud-init[663]: SHA256:09kPQlca2sSletutJ3jZHbKotJrGGI9tmFvkhUc5peM root@ubuntu-bionic
[   15.077307] cloud-init[663]: The key's randomart image is:
[   15.078332] cloud-init[663]: +---[ECDSA 256]---+
[   15.079066] cloud-init[663]: |           oo.o  |
[   15.079730] cloud-init[663]: |          ++.=   |
[   15.080731] cloud-init[663]: |         *o =    |
[   15.081677] cloud-init[663]: |        +oo=     |
[   15.082621] cloud-init[663]: |       oSE= +    |[[0;32m  OK  [0m] Started Initial cloud-init job (metadata service crawler).
[[0;32m  OK  [0m] Reached target System Initialization.
[[0;32m  OK  [0m] Listening on D-Bus System Message Bus Socket.
[[0;32m  OK  [0m] Started Daily apt download activities.
         Starting Socket activation for snappy daemon.
[[0;32m  OK  [0m] Started Discard unused blocks once a week.
[[0;32m  OK  [0m] Started Daily apt upgrade and clean activities.
[[0;32m  OK  [0m] Listening on Open-iSCSI iscsid Socket.
[[0;32m  OK  [0m] Started Message of the Day.
[[0;32m  OK  [0m] Started ACPI Events Check.
[[0;32m  OK  [0m] Reached target Paths.
[[0;32m  OK  [0m] Started Daily Cleanup of Temporary Directories.
[[0;32m  OK  [0m] Reached target Timers.

[[0;32m  OK  [0m] Listening on UUID daemon activation socket.
[[0;32m  OK  [0m] Listening on ACPID Listen Socket.
[   15.101191]          Starting LXD - unix socket.
[[0;32m  OK  [0m] Reached target Cloud-config availability.
[[0;32m  OK  [0m] Reached target Network is Online.
[[0;32m  OK  [0m] Reached target Remote File Systems (Pre).
[[0;32m  OK  [0m] Reached target Remote File Systems.
cloud-init[663]: |     .o o. o * o |
[   15.107506] cloud-init[663]: |      Xo .  o.=o+|
[   15.108637] cloud-init[663]: |     =.*o ....+.+|
[   15.110003] cloud-init[663]: |     .+o.o.  ..o |
[   15.110917] cloud-init[663]: +----[SHA256]-----+
         Starting Availability of block devices...
[[0;32m  OK  [0m] Listening on Socket activation for snappy daemon.
[   15.111967] cloud-init[663]: Generating public/private ed25519 key pair.
[[0;32m  OK  [0m] Started Availability of block devices.
[[0;32m  OK  [0m] Listening on LXD - unix socket.
[[0;32m  OK  [0m] Reached target Sockets.
[[0;32m  OK  [0m] Reached target Basic System.
[[0;32m  OK  [0m] Started FUSE filesystem for LXC.
[   15.124832] cloud-init[663]: Your identification has been saved in /etc/ssh/ssh_host_ed25519_key.
[   15.145490] cloud-init[663]: Your public key has been saved in /etc/ssh/ssh_host_ed25519_key.pub.
         Starting Pollinate to seed the pseudo random number generator...
[   15.153975] cloud-init[663]: The key fingerprint is:
[[0;32m  OK  [0m] Started Deferred execution scheduler.
[   15.158435] cloud-init[663]: SHA256:Ls6hDXDak42h+lWXIvs4hfKckAGAFro0RIvURwYQ+jk root@ubuntu-bionic
[   15.161987] cloud-init[663]: The key's randomart image is:
[   15.163362] cloud-init[663]: +--[ED25519 256]--+
[   15.164754] cloud-init[663]: |=B=.oo           |
[   15.167170] cloud-init[663]: |O.....           |
[   15.169158] cloud-init[663]: |==  .            |
[   15.170638] cloud-init[663]: |.oo.     .       |
[   15.178772] cloud-init[663]: |. Eo+.o S        |
[   15.180499] [[0;32m  OK  [0m] Started irqbalance daemon.
cloud-init[663]: |  +B.O.+         |
[   15.183828] cloud-init[663]: |  o=Oo+ .        |
[   15.185135] cloud-init[663]: | . .=X o         |
[   15.187691] cloud-init[663]: |... o.=          |
[   15.190118] cloud-init[663]: +----[SHA256]-----+
[[0;32m  OK  [0m] Started Regular background program processing daemon.
         Starting Accounts Service...
[[0;32m  OK  [0m] Started D-Bus System Message Bus.
         Starting LSB: Record successful boot for GRUB...
         Starting LXD - container startup/shutdown...
         Starting Dispatcher daemon for systemd-networkd...
         Starting Login Service...
         Starting LSB: automatic crash report generation...
         Starting System Logging Service...
         Starting Snappy daemon...
         Starting Permit User Sessions...
         Starting Virtualbox guest utils...
[[0;32m  OK  [0m] Started System Logging Service.
[[0;32m  OK  [0m] Started Permit User Sessions.
         Starting Terminate Plymouth Boot Screen...
         Starting Hold until boot process finishes up...
         Starting Authorization Manager...
[[0;32m  OK  [0m] Started Hold until boot process finishes up.
[[0;32m  OK  [0m] Started Serial Getty on ttyS0.
         Starting Set console scheme...
[[0;32m  OK  [0m] Started Login Service.
[[0;32m  OK  [0m] Started Unattended Upgrades Shutdown.
[[0;32m  OK  [0m] Started Terminate Plymouth Boot Screen.
[[0;32m  OK  [0m] Started Set console scheme.
[[0;32m  OK  [0m] Created slice system-getty.slice.
[[0;32m  OK  [0m] Started Getty on tty1.
[[0;32m  OK  [0m] Reached target Login Prompts.
[[0;32m  OK  [0m] Started Authorization Manager.
[[0;32m  OK  [0m] Started Accounts Service.
[[0;32m  OK  [0m] Started LSB: automatic crash report generation.
[[0;32m  OK  [0m] Started LSB: Record successful boot for GRUB.
[[0;32m  OK  [0m] Started Virtualbox guest utils.
[[0;32m  OK  [0m] Started LXD - container startup/shutdown.
[[0;32m  OK  [0m] Started Dispatcher daemon for systemd-networkd.
[[0;32m  OK  [0m] Started Pollinate to seed the pseudo random number generator.
         Starting OpenBSD Secure Shell server...
[[0;32m  OK  [0m] Started Snappy daemon.
         Starting Wait until snapd is fully seeded...
[[0;32m  OK  [0m] Started OpenBSD Secure Shell server.
[[0;32m  OK  [0m] Created slice User Slice of vagrant.
         Starting User Manager for UID 1000...
[[0;32m  OK  [0m] Started Session 1 of user vagrant.
[[0;32m  OK  [0m] Started User Manager for UID 1000.
[[0;32m  OK  [0m] Started Wait until snapd is fully seeded.
[[0;32m  OK  [0m] Reached target Multi-User System.
[[0;32m  OK  [0m] Reached target Graphical Interface.
         Starting Update UTMP about System Runlevel Changes...
         Starting Apply the settings specified in cloud-config...
[[0;32m  OK  [0m] Started Update UTMP about System Runlevel Changes.
[   19.485373] cloud-init[1161]: Cloud-init v. 19.3-41-gc4735dd3-0ubuntu1~18.04.1 running 'modules:config' at Thu, 23 Jan 2020 14:52:58 +0000. Up 18.38 seconds.
[[0;32m  OK  [0m] Started Apply the settings specified in cloud-config.
         Starting Execute cloud user/final scripts...
ci-info: no authorized ssh keys fingerprints found for user ubuntu.
<14>Jan 23 14:53:01 ec2: 
<14>Jan 23 14:53:01 ec2: #############################################################
<14>Jan 23 14:53:01 ec2: -----BEGIN SSH HOST KEY FINGERPRINTS-----
<14>Jan 23 14:53:01 ec2: 1024 SHA256:5S32QGrqgMM56zrtv4jVmoA8dRUELHodnoZZ8VCaxgA root@ubuntu-bionic (DSA)
<14>Jan 23 14:53:01 ec2: 256 SHA256:09kPQlca2sSletutJ3jZHbKotJrGGI9tmFvkhUc5peM root@ubuntu-bionic (ECDSA)
<14>Jan 23 14:53:01 ec2: 256 SHA256:Ls6hDXDak42h+lWXIvs4hfKckAGAFro0RIvURwYQ+jk root@ubuntu-bionic (ED25519)
<14>Jan 23 14:53:01 ec2: 2048 SHA256:/2gQjvug8vCEHCKuQs72/WPIyn61XE5RsjlOqwE3rl0 root@ubuntu-bionic (RSA)
<14>Jan 23 14:53:01 ec2: -----END SSH HOST KEY FINGERPRINTS-----
<14>Jan 23 14:53:01 ec2: #############################################################
-----BEGIN SSH HOST KEY KEYS-----
ecdsa-sha2-nistp256 AAAAE2VjZHNhLXNoYTItbmlzdHAyNTYAAAAIbmlzdHAyNTYAAABBBL+qptl1w7V7wl8E89FmUxoDBP5W0oHx/lli+oxlbical9ztTq2hMfxL0t55FqCXpKSSrxN2YDhehtD+eNiZm/0= root@ubuntu-bionic
ssh-ed25519 AAAAC3NzaC1lZDI1NTE5AAAAIMHLKokXWSRS5tndqDYZhekkaV1nJGpFqXGEKuJ78W8S root@ubuntu-bionic
ssh-rsa AAAAB3NzaC1yc2EAAAADAQABAAABAQC8DlR9jWX/b+I8SfB2kM0w1dk2XgiS3qyf9PkVeqvDlDL5aq8ExAPmBtHU2pF/20bokDF44e/ZpQ7LQZiM+TtBveV/nrU3oFJgJBZ6lQ6Mj/QIfuXA804EAGkteGKyLxPZ57UxnKiR3CmQpoe1dELAuqewQ/Y0Zc1SEhwvC+u5tCL2kfO9HHwSl6Q9kFU4EjS1apT9HBfOiCYCYbXjx7O0ShwH2c/ajt6MUudp/ifDnwRElLEF9J7wU3DgJ3KJbut1OJnQVWRrnq/msnTtKdklupPKo8CLpgnYO17XTl2ZjsMs/kAyG1D0M4mC89iXlWqQumxPMXZ8kn1IS6nmFUuL root@ubuntu-bionic
-----END SSH HOST KEY KEYS-----
[   20.770606] cloud-init[1283]: Cloud-init v. 19.3-41-gc4735dd3-0ubuntu1~18.04.1 running 'modules:final' at Thu, 23 Jan 2020 14:53:00 +0000. Up 20.48 seconds.
[   20.770735] cloud-init[1283]: ci-info: no authorized ssh keys fingerprints found for user ubuntu.
[   20.771234] cloud-init[1283]: Cloud-init v. 19.3-41-gc4735dd3-0ubuntu1~18.04.1 finished at Thu, 23 Jan 2020 14:53:01 +0000. Datasource DataSourceNoCloud [seed=/dev/sdb][dsmode=net].  Up 20.75 seconds

Ubuntu 18.04.3 LTS ubuntu-bionic ttyS0

ubuntu-bionic login: 